# JRE version: OpenJDK Runtime Environment (8.0_152-b39) (build 1.8.0_152-release-1136-b39)
# Java VM: OpenJDK 64-Bit Server VM (25.152-b39 mixed mode windows-amd64 compressed oops)
Heap:
 par new generation   total 39296K, used 27119K [0x00000000d1200000, 0x00000000d3ca0000, 0x00000000e0c00000)
  eden space 34944K,  76% used [0x00000000d1200000, 0x00000000d2c0d310, 0x00000000d3420000)
  from space 4352K,  10% used [0x00000000d3860000, 0x00000000d38cea70, 0x00000000d3ca0000)
  to   space 4352K,   0% used [0x00000000d3420000, 0x00000000d3420000, 0x00000000d3860000)
 concurrent mark-sweep generation total 256956K, used 179125K [0x00000000e0c00000, 0x00000000f06ef000, 0x0000000100000000)
 Metaspace       used 149924K, capacity 159075K, committed 159288K, reserved 1187840K
  class space    used 19242K, capacity 20980K, committed 21048K, reserved 1048576K
GC Heap History (10 events):
Event: 3953.846 GC heap before
{Heap before GC invocations=92 (full 7):
 par new generation   total 39296K, used 35313K [0x00000000d1200000, 0x00000000d3ca0000, 0x00000000e0c00000)
  eden space 34944K, 100% used [0x00000000d1200000, 0x00000000d3420000, 0x00000000d3420000)
  from space 4352K,   8% used [0x00000000d3420000, 0x00000000d347c770, 0x00000000d3860000)
  to   space 4352K,   0% used [0x00000000d3860000, 0x00000000d3860000, 0x00000000d3ca0000)
 concurrent mark-sweep generation total 256956K, used 179118K [0x00000000e0c00000, 0x00000000f06ef000, 0x0000000100000000)
 Metaspace       used 148003K, capacity 156991K, committed 157240K, reserved 1185792K
  class space    used 19014K, capacity 20726K, committed 20792K, reserved 1048576K
Event: 3953.850 GC heap after
Heap after GC invocations=93 (full 7):
 par new generation   total 39296K, used 376K [0x00000000d1200000, 0x00000000d3ca0000, 0x00000000e0c00000)
  eden space 34944K,   0% used [0x00000000d1200000, 0x00000000d1200000, 0x00000000d3420000)
  from space 4352K,   8% used [0x00000000d3860000, 0x00000000d38be020, 0x00000000d3ca0000)
  to   space 4352K,   0% used [0x00000000d3420000, 0x00000000d3420000, 0x00000000d3860000)
 concurrent mark-sweep generation total 256956K, used 179119K [0x00000000e0c00000, 0x00000000f06ef000, 0x0000000100000000)
 Metaspace       used 148003K, capacity 156991K, committed 157240K, reserved 1185792K
  class space    used 19014K, capacity 20726K, committed 20792K, reserved 1048576K
}
Event: 4233.062 GC heap before
{Heap before GC invocations=93 (full 7):
 par new generation   total 39296K, used 35320K [0x00000000d1200000, 0x00000000d3ca0000, 0x00000000e0c00000)
  eden space 34944K, 100% used [0x00000000d1200000, 0x00000000d3420000, 0x00000000d3420000)
  from space 4352K,   8% used [0x00000000d3860000, 0x00000000d38be020, 0x00000000d3ca0000)
  to   space 4352K,   0% used [0x00000000d3420000, 0x00000000d3420000, 0x00000000d3860000)
 concurrent mark-sweep generation total 256956K, used 179119K [0x00000000e0c00000, 0x00000000f06ef000, 0x0000000100000000)
 Metaspace       used 148003K, capacity 156991K, committed 157240K, reserved 1185792K
  class space    used 19014K, capacity 20726K, committed 20792K, reserved 1048576K
Event: 4233.065 GC heap after
Heap after GC invocations=94 (full 7):
 par new generation   total 39296K, used 312K [0x00000000d1200000, 0x00000000d3ca0000, 0x00000000e0c00000)
  eden space 34944K,   0% used [0x00000000d1200000, 0x00000000d1200000, 0x00000000d3420000)
  from space 4352K,   7% used [0x00000000d3420000, 0x00000000d346e0b0, 0x00000000d3860000)
  to   space 4352K,   0% used [0x00000000d3860000, 0x00000000d3860000, 0x00000000d3ca0000)
 concurrent mark-sweep generation total 256956K, used 179119K [0x00000000e0c00000, 0x00000000f06ef000, 0x0000000100000000)
 Metaspace       used 148003K, capacity 156991K, committed 157240K, reserved 1185792K
  class space    used 19014K, capacity 20726K, committed 20792K, reserved 1048576K
}
Event: 4528.405 GC heap before
{Heap before GC invocations=94 (full 7):
 par new generation   total 39296K, used 35256K [0x00000000d1200000, 0x00000000d3ca0000, 0x00000000e0c00000)
  eden space 34944K, 100% used [0x00000000d1200000, 0x00000000d3420000, 0x00000000d3420000)
  from space 4352K,   7% used [0x00000000d3420000, 0x00000000d346e0b0, 0x00000000d3860000)
  to   space 4352K,   0% used [0x00000000d3860000, 0x00000000d3860000, 0x00000000d3ca0000)
 concurrent mark-sweep generation total 256956K, used 179119K [0x00000000e0c00000, 0x00000000f06ef000, 0x0000000100000000)
 Metaspace       used 148004K, capacity 156991K, committed 157240K, reserved 1185792K
  class space    used 19014K, capacity 20726K, committed 20792K, reserved 1048576K
Event: 4528.409 GC heap after
Heap after GC invocations=95 (full 7):
 par new generation   total 39296K, used 366K [0x00000000d1200000, 0x00000000d3ca0000, 0x00000000e0c00000)
  eden space 34944K,   0% used [0x00000000d1200000, 0x00000000d1200000, 0x00000000d3420000)
  from space 4352K,   8% used [0x00000000d3860000, 0x00000000d38bb9f0, 0x00000000d3ca0000)
  to   space 4352K,   0% used [0x00000000d3420000, 0x00000000d3420000, 0x00000000d3860000)
 concurrent mark-sweep generation total 256956K, used 179124K [0x00000000e0c00000, 0x00000000f06ef000, 0x0000000100000000)
 Metaspace       used 148004K, capacity 156991K, committed 157240K, reserved 1185792K
  class space    used 19014K, capacity 20726K, committed 20792K, reserved 1048576K
}
Event: 4755.774 GC heap before
{Heap before GC invocations=95 (full 7):
 par new generation   total 39296K, used 35310K [0x00000000d1200000, 0x00000000d3ca0000, 0x00000000e0c00000)
  eden space 34944K, 100% used [0x00000000d1200000, 0x00000000d3420000, 0x00000000d3420000)
  from space 4352K,   8% used [0x00000000d3860000, 0x00000000d38bb9f0, 0x00000000d3ca0000)
  to   space 4352K,   0% used [0x00000000d3420000, 0x00000000d3420000, 0x00000000d3860000)
 concurrent mark-sweep generation total 256956K, used 179124K [0x00000000e0c00000, 0x00000000f06ef000, 0x0000000100000000)
 Metaspace       used 148011K, capacity 156991K, committed 157240K, reserved 1185792K
  class space    used 19014K, capacity 20726K, committed 20792K, reserved 1048576K
Event: 4755.777 GC heap after
Heap after GC invocations=96 (full 7):
 par new generation   total 39296K, used 374K [0x00000000d1200000, 0x00000000d3ca0000, 0x00000000e0c00000)
  eden space 34944K,   0% used [0x00000000d1200000, 0x00000000d1200000, 0x00000000d3420000)
  from space 4352K,   8% used [0x00000000d3420000, 0x00000000d347d9b0, 0x00000000d3860000)
  to   space 4352K,   0% used [0x00000000d3860000, 0x00000000d3860000, 0x00000000d3ca0000)
 concurrent mark-sweep generation total 256956K, used 179125K [0x00000000e0c00000, 0x00000000f06ef000, 0x0000000100000000)
 Metaspace       used 148011K, capacity 156991K, committed 157240K, reserved 1185792K
  class space    used 19014K, capacity 20726K, committed 20792K, reserved 1048576K
}
Event: 4759.105 GC heap before
{Heap before GC invocations=96 (full 7):
 par new generation   total 39296K, used 35318K [0x00000000d1200000, 0x00000000d3ca0000, 0x00000000e0c00000)
  eden space 34944K, 100% used [0x00000000d1200000, 0x00000000d3420000, 0x00000000d3420000)
  from space 4352K,   8% used [0x00000000d3420000, 0x00000000d347d9b0, 0x00000000d3860000)
  to   space 4352K,   0% used [0x00000000d3860000, 0x00000000d3860000, 0x00000000d3ca0000)
 concurrent mark-sweep generation total 256956K, used 179125K [0x00000000e0c00000, 0x00000000f06ef000, 0x0000000100000000)
 Metaspace       used 148148K, capacity 157139K, committed 157496K, reserved 1185792K
  class space    used 19021K, capacity 20728K, committed 20792K, reserved 1048576K
Event: 4759.108 GC heap after
Heap after GC invocations=97 (full 7):
 par new generation   total 39296K, used 442K [0x00000000d1200000, 0x00000000d3ca0000, 0x00000000e0c00000)
  eden space 34944K,   0% used [0x00000000d1200000, 0x00000000d1200000, 0x00000000d3420000)
  from space 4352K,  10% used [0x00000000d3860000, 0x00000000d38cea70, 0x00000000d3ca0000)
  to   space 4352K,   0% used [0x00000000d3420000, 0x00000000d3420000, 0x00000000d3860000)
 concurrent mark-sweep generation total 256956K, used 179125K [0x00000000e0c00000, 0x00000000f06ef000, 0x0000000100000000)
 Metaspace       used 148148K, capacity 157139K, committed 157496K, reserved 1185792K
  class space    used 19021K, capacity 20728K, committed 20792K, reserved 1048576K
}

