# JRE version: OpenJDK Runtime Environment (8.0_152-b39) (build 1.8.0_152-release-1136-b39)
# Java VM: OpenJDK 64-Bit Server VM (25.152-b39 mixed mode windows-amd64 compressed oops)
Heap:
 par new generation   total 39296K, used 18407K [0x00000000d1200000, 0x00000000d3ca0000, 0x00000000e0c00000)
  eden space 34944K,  40% used [0x00000000d1200000, 0x00000000d1fb9e58, 0x00000000d3420000)
  from space 4352K, 100% used [0x00000000d3420000, 0x00000000d3860000, 0x00000000d3860000)
  to   space 4352K,   0% used [0x00000000d3860000, 0x00000000d3860000, 0x00000000d3ca0000)
 concurrent mark-sweep generation total 194208K, used 175227K [0x00000000e0c00000, 0x00000000ec9a8000, 0x0000000100000000)
 Metaspace       used 145327K, capacity 153960K, committed 154176K, reserved 1183744K
  class space    used 18810K, capacity 20513K, committed 20576K, reserved 1048576K
GC Heap History (10 events):
Event: 3301.235 GC heap before
{Heap before GC invocations=53 (full 6):
 par new generation   total 39296K, used 36801K [0x00000000d1200000, 0x00000000d3ca0000, 0x00000000e0c00000)
  eden space 34944K, 100% used [0x00000000d1200000, 0x00000000d3420000, 0x00000000d3420000)
  from space 4352K,  42% used [0x00000000d3860000, 0x00000000d3a307b8, 0x00000000d3ca0000)
  to   space 4352K,   0% used [0x00000000d3420000, 0x00000000d3420000, 0x00000000d3860000)
 concurrent mark-sweep generation total 181468K, used 155495K [0x00000000e0c00000, 0x00000000ebd37000, 0x0000000100000000)
 Metaspace       used 144544K, capacity 153176K, committed 153408K, reserved 1181696K
  class space    used 18795K, capacity 20495K, committed 20576K, reserved 1048576K
Event: 3301.239 GC heap after
Heap after GC invocations=54 (full 6):
 par new generation   total 39296K, used 2297K [0x00000000d1200000, 0x00000000d3ca0000, 0x00000000e0c00000)
  eden space 34944K,   0% used [0x00000000d1200000, 0x00000000d1200000, 0x00000000d3420000)
  from space 4352K,  52% used [0x00000000d3420000, 0x00000000d365e5a8, 0x00000000d3860000)
  to   space 4352K,   0% used [0x00000000d3860000, 0x00000000d3860000, 0x00000000d3ca0000)
 concurrent mark-sweep generation total 181468K, used 155495K [0x00000000e0c00000, 0x00000000ebd37000, 0x0000000100000000)
 Metaspace       used 144544K, capacity 153176K, committed 153408K, reserved 1181696K
  class space    used 18795K, capacity 20495K, committed 20576K, reserved 1048576K
}
Event: 3307.074 GC heap before
{Heap before GC invocations=54 (full 6):
 par new generation   total 39296K, used 37241K [0x00000000d1200000, 0x00000000d3ca0000, 0x00000000e0c00000)
  eden space 34944K, 100% used [0x00000000d1200000, 0x00000000d3420000, 0x00000000d3420000)
  from space 4352K,  52% used [0x00000000d3420000, 0x00000000d365e5a8, 0x00000000d3860000)
  to   space 4352K,   0% used [0x00000000d3860000, 0x00000000d3860000, 0x00000000d3ca0000)
 concurrent mark-sweep generation total 181468K, used 155495K [0x00000000e0c00000, 0x00000000ebd37000, 0x0000000100000000)
 Metaspace       used 144734K, capacity 153398K, committed 153664K, reserved 1181696K
  class space    used 18798K, capacity 20496K, committed 20576K, reserved 1048576K
Event: 3307.081 GC heap after
Heap after GC invocations=55 (full 6):
 par new generation   total 39296K, used 2028K [0x00000000d1200000, 0x00000000d3ca0000, 0x00000000e0c00000)
  eden space 34944K,   0% used [0x00000000d1200000, 0x00000000d1200000, 0x00000000d3420000)
  from space 4352K,  46% used [0x00000000d3860000, 0x00000000d3a5b380, 0x00000000d3ca0000)
  to   space 4352K,   0% used [0x00000000d3420000, 0x00000000d3420000, 0x00000000d3860000)
 concurrent mark-sweep generation total 181468K, used 155495K [0x00000000e0c00000, 0x00000000ebd37000, 0x0000000100000000)
 Metaspace       used 144734K, capacity 153398K, committed 153664K, reserved 1181696K
  class space    used 18798K, capacity 20496K, committed 20576K, reserved 1048576K
}
Event: 3326.481 GC heap before
{Heap before GC invocations=55 (full 6):
 par new generation   total 39296K, used 36972K [0x00000000d1200000, 0x00000000d3ca0000, 0x00000000e0c00000)
  eden space 34944K, 100% used [0x00000000d1200000, 0x00000000d3420000, 0x00000000d3420000)
  from space 4352K,  46% used [0x00000000d3860000, 0x00000000d3a5b380, 0x00000000d3ca0000)
  to   space 4352K,   0% used [0x00000000d3420000, 0x00000000d3420000, 0x00000000d3860000)
 concurrent mark-sweep generation total 181468K, used 155495K [0x00000000e0c00000, 0x00000000ebd37000, 0x0000000100000000)
 Metaspace       used 144986K, capacity 153610K, committed 153920K, reserved 1183744K
  class space    used 18799K, capacity 20496K, committed 20576K, reserved 1048576K
Event: 3326.485 GC heap after
Heap after GC invocations=56 (full 6):
 par new generation   total 39296K, used 2232K [0x00000000d1200000, 0x00000000d3ca0000, 0x00000000e0c00000)
  eden space 34944K,   0% used [0x00000000d1200000, 0x00000000d1200000, 0x00000000d3420000)
  from space 4352K,  51% used [0x00000000d3420000, 0x00000000d364e2c0, 0x00000000d3860000)
  to   space 4352K,   0% used [0x00000000d3860000, 0x00000000d3860000, 0x00000000d3ca0000)
 concurrent mark-sweep generation total 181468K, used 155632K [0x00000000e0c00000, 0x00000000ebd37000, 0x0000000100000000)
 Metaspace       used 144986K, capacity 153610K, committed 153920K, reserved 1183744K
  class space    used 18799K, capacity 20496K, committed 20576K, reserved 1048576K
}
Event: 3334.037 GC heap before
{Heap before GC invocations=56 (full 6):
 par new generation   total 39296K, used 37176K [0x00000000d1200000, 0x00000000d3ca0000, 0x00000000e0c00000)
  eden space 34944K, 100% used [0x00000000d1200000, 0x00000000d3420000, 0x00000000d3420000)
  from space 4352K,  51% used [0x00000000d3420000, 0x00000000d364e2c0, 0x00000000d3860000)
  to   space 4352K,   0% used [0x00000000d3860000, 0x00000000d3860000, 0x00000000d3ca0000)
 concurrent mark-sweep generation total 181468K, used 155632K [0x00000000e0c00000, 0x00000000ebd37000, 0x0000000100000000)
 Metaspace       used 145150K, capacity 153764K, committed 153920K, reserved 1183744K
  class space    used 18805K, capacity 20503K, committed 20576K, reserved 1048576K
Event: 3334.055 GC heap after
Heap after GC invocations=57 (full 6):
 par new generation   total 39296K, used 4352K [0x00000000d1200000, 0x00000000d3ca0000, 0x00000000e0c00000)
  eden space 34944K,   0% used [0x00000000d1200000, 0x00000000d1200000, 0x00000000d3420000)
  from space 4352K, 100% used [0x00000000d3860000, 0x00000000d3ca0000, 0x00000000d3ca0000)
  to   space 4352K,   0% used [0x00000000d3420000, 0x00000000d3420000, 0x00000000d3860000)
 concurrent mark-sweep generation total 181660K, used 160417K [0x00000000e0c00000, 0x00000000ebd67000, 0x0000000100000000)
 Metaspace       used 145150K, capacity 153764K, committed 153920K, reserved 1183744K
  class space    used 18805K, capacity 20503K, committed 20576K, reserved 1048576K
}
Event: 3334.594 GC heap before
{Heap before GC invocations=57 (full 6):
 par new generation   total 39296K, used 39296K [0x00000000d1200000, 0x00000000d3ca0000, 0x00000000e0c00000)
  eden space 34944K, 100% used [0x00000000d1200000, 0x00000000d3420000, 0x00000000d3420000)
  from space 4352K, 100% used [0x00000000d3860000, 0x00000000d3ca0000, 0x00000000d3ca0000)
  to   space 4352K,   0% used [0x00000000d3420000, 0x00000000d3420000, 0x00000000d3860000)
 concurrent mark-sweep generation total 181660K, used 160417K [0x00000000e0c00000, 0x00000000ebd67000, 0x0000000100000000)
 Metaspace       used 145277K, capacity 153938K, committed 154176K, reserved 1183744K
  class space    used 18809K, capacity 20510K, committed 20576K, reserved 1048576K
Event: 3334.624 GC heap after
Heap after GC invocations=58 (full 6):
 par new generation   total 39296K, used 4352K [0x00000000d1200000, 0x00000000d3ca0000, 0x00000000e0c00000)
  eden space 34944K,   0% used [0x00000000d1200000, 0x00000000d1200000, 0x00000000d3420000)
  from space 4352K, 100% used [0x00000000d3420000, 0x00000000d3860000, 0x00000000d3860000)
  to   space 4352K,   0% used [0x00000000d3860000, 0x00000000d3860000, 0x00000000d3ca0000)
 concurrent mark-sweep generation total 194208K, used 175227K [0x00000000e0c00000, 0x00000000ec9a8000, 0x0000000100000000)
 Metaspace       used 145277K, capacity 153938K, committed 154176K, reserved 1183744K
  class space    used 18809K, capacity 20510K, committed 20576K, reserved 1048576K
}

